0 info it worked if it ends with ok
1 verbose cli [ '/usr/local/bin/node', '/usr/local/bin/npm', 'publish' ]
2 info using npm@3.3.12
3 info using node@v5.3.0
4 verbose publish [ '.' ]
5 silly cache add args [ '.', null ]
6 verbose cache add spec .
7 silly cache add parsed spec Result {
7 silly cache add   raw: '.',
7 silly cache add   scope: null,
7 silly cache add   name: null,
7 silly cache add   rawSpec: '.',
7 silly cache add   spec: '/Users/joeylea/doloop',
7 silly cache add   type: 'directory' }
8 verbose addLocalDirectory /Users/joeylea/.npm/doloop/1.0.6/package.tgz not in flight; packing
9 info lifecycle doloop@1.0.6~prepublish: doloop@1.0.6
10 silly lifecycle doloop@1.0.6~prepublish: no script for prepublish, continuing
11 verbose tar pack [ '/Users/joeylea/.npm/doloop/1.0.6/package.tgz',
11 verbose tar pack   '/Users/joeylea/doloop' ]
12 verbose tarball /Users/joeylea/.npm/doloop/1.0.6/package.tgz
13 verbose folder /Users/joeylea/doloop
14 verbose addLocalTarball adding from inside cache /Users/joeylea/.npm/doloop/1.0.6/package.tgz
15 silly cache afterAdd doloop@1.0.6
16 verbose afterAdd /Users/joeylea/.npm/doloop/1.0.6/package/package.json not in flight; writing
17 verbose afterAdd /Users/joeylea/.npm/doloop/1.0.6/package/package.json written
18 silly publish { name: 'doloop',
18 silly publish   version: '1.0.6',
18 silly publish   description: 'A small module that loops through files and does things to/with the files',
18 silly publish   main: 'index.js',
18 silly publish   scripts: { test: 'echo "Error: no test specified" && exit 1' },
18 silly publish   repository:
18 silly publish    { type: 'git',
18 silly publish      url: 'git+https://github.com/ovdojoey/doloop.git' },
18 silly publish   author: { name: 'Joey Lea', email: 'ovdojoey@gmail.com' },
18 silly publish   license: 'ISC',
18 silly publish   bugs: { url: 'https://github.com/ovdojoey/doloop/issues' },
18 silly publish   homepage: 'https://github.com/ovdojoey/doloop#readme',
18 silly publish   readme: '# doloop\n\ndoloop is a small module for working with files in a directory.  It allows you to\nloop through all the files and perform any number of transforms on the files.  It\ncan be used as a full on build tool, or a simple image compressor.\n\n## Getting Started\nDoLoop requires Node and NPM installed, grab them at (https://nodejs.org/)[NodeJS].\n\nInstall doloop using `npm install doloop`.\n\n## Your First Loop\nLooping is really easy, take a look at this basic example:\n\n    var doloop = DoLoop()\n     .loop(function(files){\n       console.log(files);\n     });\n\nHere we are simply looping over all the files in the current directory and we are using\nconsole.log to print the array of file names.\n\n## Methods\n### changeDirectory( path )\n',
18 silly publish   readmeFilename: 'README.md',
18 silly publish   gitHead: '2f7570d37004355acd680273a35c778a7f233c0e',
18 silly publish   _id: 'doloop@1.0.6',
18 silly publish   _shasum: 'd9a5fed3ed16190656710a6e76162a12bedc9ce4',
18 silly publish   _from: '.' }
19 verbose getPublishConfig undefined
20 silly mapToRegistry name doloop
21 silly mapToRegistry using default registry
22 silly mapToRegistry registry https://registry.npmjs.org/
23 silly mapToRegistry uri https://registry.npmjs.org/doloop
24 verbose publish registryBase https://registry.npmjs.org/
25 silly publish uploading /Users/joeylea/.npm/doloop/1.0.6/package.tgz
26 verbose request uri https://registry.npmjs.org/doloop
27 verbose request sending authorization for write operation
28 info attempt registry request try #1 at 8:54:23 PM
29 verbose request using bearer token for auth
30 verbose request id 990fcb5ab1c93141
31 http request PUT https://registry.npmjs.org/doloop
32 http 403 https://registry.npmjs.org/doloop
33 verbose headers { 'content-type': 'application/json',
33 verbose headers   'cache-control': 'max-age=300',
33 verbose headers   'content-length': '95',
33 verbose headers   'accept-ranges': 'bytes',
33 verbose headers   date: 'Tue, 01 Mar 2016 01:54:23 GMT',
33 verbose headers   via: '1.1 varnish',
33 verbose headers   connection: 'keep-alive',
33 verbose headers   'x-served-by': 'cache-jfk1023-JFK',
33 verbose headers   'x-cache': 'MISS',
33 verbose headers   'x-cache-hits': '0',
33 verbose headers   'x-timer': 'S1456797263.088584,VS0,VE783' }
34 verbose request invalidating /Users/joeylea/.npm/registry.npmjs.org/doloop on PUT
35 error publish Failed PUT 403
36 verbose stack Error: "You cannot publish over the previously published version 1.0.6." : doloop
36 verbose stack     at makeError (/usr/local/lib/node_modules/npm/node_modules/npm-registry-client/lib/request.js:264:12)
36 verbose stack     at CachingRegistryClient.<anonymous> (/usr/local/lib/node_modules/npm/node_modules/npm-registry-client/lib/request.js:252:14)
36 verbose stack     at Request._callback (/usr/local/lib/node_modules/npm/node_modules/npm-registry-client/lib/request.js:172:14)
36 verbose stack     at Request.self.callback (/usr/local/lib/node_modules/npm/node_modules/request/request.js:198:22)
36 verbose stack     at emitTwo (events.js:87:13)
36 verbose stack     at Request.emit (events.js:172:7)
36 verbose stack     at Request.<anonymous> (/usr/local/lib/node_modules/npm/node_modules/request/request.js:1082:10)
36 verbose stack     at emitOne (events.js:82:20)
36 verbose stack     at Request.emit (events.js:169:7)
36 verbose stack     at IncomingMessage.<anonymous> (/usr/local/lib/node_modules/npm/node_modules/request/request.js:1009:12)
37 verbose statusCode 403
38 verbose pkgid doloop
39 verbose cwd /Users/joeylea/doloop
40 error Darwin 15.3.0
41 error argv "/usr/local/bin/node" "/usr/local/bin/npm" "publish"
42 error node v5.3.0
43 error npm  v3.3.12
44 error code E403
45 error "You cannot publish over the previously published version 1.0.6." : doloop
46 error If you need help, you may report this error at:
46 error     <https://github.com/npm/npm/issues>
47 verbose exit [ 1, true ]
